<?xml version="1.0" encoding="UTF-8"?>
<testng-results skipped="0" failed="0" ignored="0" total="1" passed="1">
  <reporter-output>
  </reporter-output>
  <suite name="Surefire suite" duration-ms="50389" started-at="2021-06-10T15:46:42Z" finished-at="2021-06-10T15:47:33Z">
    <groups>
    </groups>
    <test name="Surefire test" duration-ms="50389" started-at="2021-06-10T15:46:42Z" finished-at="2021-06-10T15:47:33Z">
      <class name="NewTest">
        <test-method status="PASS" signature="Open_Browser()[pri:0, instance:NewTest@6093dd95]" name="Open_Browser" is-config="true" duration-ms="5450" started-at="2021-06-10T15:46:42Z" finished-at="2021-06-10T15:46:48Z">
          <reporter-output>
          </reporter-output>
        </test-method> <!-- Open_Browser -->
        <test-method status="PASS" signature="Setup()[pri:0, instance:NewTest@6093dd95]" name="Setup" is-config="true" duration-ms="13" started-at="2021-06-10T15:46:48Z" finished-at="2021-06-10T15:46:48Z">
          <reporter-output>
          </reporter-output>
        </test-method> <!-- Setup -->
        <test-method status="PASS" signature="Test_1()[pri:0, instance:NewTest@6093dd95]" name="Test_1" duration-ms="44841" started-at="2021-06-10T15:46:48Z" finished-at="2021-06-10T15:47:33Z">
          <reporter-output>
          </reporter-output>
        </test-method> <!-- Test_1 -->
        <test-method status="PASS" signature="tearDown()[pri:0, instance:NewTest@6093dd95]" name="tearDown" is-config="true" duration-ms="78" started-at="2021-06-10T15:47:33Z" finished-at="2021-06-10T15:47:33Z">
          <reporter-output>
          </reporter-output>
        </test-method> <!-- tearDown -->
      </class> <!-- NewTest -->
    </test> <!-- Surefire test -->
  </suite> <!-- Surefire suite -->
</testng-results>
